<?xml version="1.0" encoding="UTF-8"?>
<testng-results skipped="0" failed="1" ignored="0" total="12" passed="11">
  <reporter-output>
  </reporter-output>
  <suite name="Default suite" duration-ms="339570" started-at="2020-01-03T18:15:37 IST" finished-at="2020-01-03T18:21:17 IST">
    <groups>
    </groups>
    <test name="Default test" duration-ms="339570" started-at="2020-01-03T18:15:37 IST" finished-at="2020-01-03T18:21:17 IST">
      <class name="CLHM_TestCases.Test_Cases">
        <test-method status="PASS" signature="startup()[pri:0, instance:CLHM_TestCases.Test_Cases@167fdd33]" name="startup" is-config="true" duration-ms="4207" started-at="2020-01-03T18:15:37 IST" finished-at="2020-01-03T18:15:42 IST">
          <reporter-output>
          </reporter-output>
        </test-method> <!-- startup -->
        <test-method status="PASS" signature="verify_loginPage1()[pri:1, instance:CLHM_TestCases.Test_Cases@167fdd33]" name="verify_loginPage1" duration-ms="14026" started-at="2020-01-03T18:15:42 IST" finished-at="2020-01-03T18:15:56 IST">
          <reporter-output>
          </reporter-output>
        </test-method> <!-- verify_loginPage1 -->
        <test-method status="PASS" signature="inst_Login()[pri:2, instance:CLHM_TestCases.Test_Cases@167fdd33]" name="inst_Login" duration-ms="15785" started-at="2020-01-03T18:15:56 IST" finished-at="2020-01-03T18:16:12 IST">
          <reporter-output>
          </reporter-output>
        </test-method> <!-- inst_Login -->
        <test-method status="PASS" signature="selectBook()[pri:3, instance:CLHM_TestCases.Test_Cases@167fdd33]" name="selectBook" duration-ms="738" started-at="2020-01-03T18:16:12 IST" finished-at="2020-01-03T18:16:12 IST">
          <reporter-output>
          </reporter-output>
        </test-method> <!-- selectBook -->
        <test-method status="PASS" signature="confirmcoursedeatils()[pri:4, instance:CLHM_TestCases.Test_Cases@167fdd33]" name="confirmcoursedeatils" duration-ms="547" started-at="2020-01-03T18:16:12 IST" finished-at="2020-01-03T18:16:13 IST">
          <reporter-output>
          </reporter-output>
        </test-method> <!-- confirmcoursedeatils -->
        <test-method status="PASS" signature="courseDetailsConfirmations()[pri:5, instance:CLHM_TestCases.Test_Cases@167fdd33]" name="courseDetailsConfirmations" duration-ms="17658" started-at="2020-01-03T18:16:13 IST" finished-at="2020-01-03T18:16:30 IST">
          <reporter-output>
          </reporter-output>
        </test-method> <!-- courseDetailsConfirmations -->
        <test-method status="PASS" signature="copyDetails()[pri:6, instance:CLHM_TestCases.Test_Cases@167fdd33]" name="copyDetails" duration-ms="21254" started-at="2020-01-03T18:16:30 IST" finished-at="2020-01-03T18:16:52 IST">
          <reporter-output>
          </reporter-output>
        </test-method> <!-- copyDetails -->
        <test-method status="PASS" signature="closepopups()[pri:7, instance:CLHM_TestCases.Test_Cases@167fdd33]" name="closepopups" duration-ms="41359" started-at="2020-01-03T18:16:52 IST" finished-at="2020-01-03T18:17:33 IST">
          <reporter-output>
          </reporter-output>
        </test-method> <!-- closepopups -->
        <test-method status="PASS" signature="addactivity()[pri:8, instance:CLHM_TestCases.Test_Cases@167fdd33]" name="addactivity" duration-ms="17277" started-at="2020-01-03T18:17:33 IST" finished-at="2020-01-03T18:17:50 IST">
          <reporter-output>
          </reporter-output>
        </test-method> <!-- addactivity -->
        <test-method status="PASS" signature="student_flow()[pri:10, instance:CLHM_TestCases.Test_Cases@167fdd33]" name="student_flow" duration-ms="20375" started-at="2020-01-03T18:17:50 IST" finished-at="2020-01-03T18:18:11 IST">
          <reporter-output>
          </reporter-output>
        </test-method> <!-- student_flow -->
        <test-method status="PASS" signature="openCourse()[pri:11, instance:CLHM_TestCases.Test_Cases@167fdd33]" name="openCourse" duration-ms="104675" started-at="2020-01-03T18:18:11 IST" finished-at="2020-01-03T18:19:55 IST">
          <reporter-output>
          </reporter-output>
        </test-method> <!-- openCourse -->
        <test-method status="PASS" signature="stuLPNPage()[pri:12, instance:CLHM_TestCases.Test_Cases@167fdd33]" name="stuLPNPage" duration-ms="24657" started-at="2020-01-03T18:19:55 IST" finished-at="2020-01-03T18:20:20 IST">
          <reporter-output>
          </reporter-output>
        </test-method> <!-- stuLPNPage -->
        <test-method status="FAIL" signature="attemptActivity()[pri:13, instance:CLHM_TestCases.Test_Cases@167fdd33]" name="attemptActivity" duration-ms="56926" started-at="2020-01-03T18:20:20 IST" finished-at="2020-01-03T18:21:17 IST">
          <exception class="org.openqa.selenium.NoSuchElementException">
            <message>
              <![CDATA[no such element: Unable to locate element: {"method":"css selector","selector":".activity-icon-container done"}
  (Session info: chrome=79.0.3945.88)
For documentation on this error, please visit: https://www.seleniumhq.org/exceptions/no_such_element.html
Build info: version: '3.141.59', revision: 'e82be7d358', time: '2018-11-14T08:17:03'
System info: host: 'ASDP1757PO02529', ip: '10.161.238.137', os.name: 'Windows 10', os.arch: 'amd64', os.version: '10.0', java.version: '1.8.0_231'
Driver info: org.openqa.selenium.chrome.ChromeDriver
Capabilities {acceptInsecureCerts: false, browserName: chrome, browserVersion: 79.0.3945.88, chrome: {chromedriverVersion: 79.0.3945.36 (3582db32b3389..., userDataDir: C:\Users\ARCHIT~1\AppData\L...}, goog:chromeOptions: {debuggerAddress: localhost:50045}, javascriptEnabled: true, networkConnectionEnabled: false, pageLoadStrategy: normal, platform: WINDOWS, platformName: WINDOWS, proxy: Proxy(), setWindowRect: true, strictFileInteractability: false, timeouts: {implicit: 0, pageLoad: 300000, script: 30000}, unhandledPromptBehavior: dismiss and notify}
Session ID: 3e207201cf2e92e2683e845a69efd0fd
*** Element info: {Using=css selector, value=.activity-icon-container done}]]>
            </message>
            <full-stacktrace>
              <![CDATA[org.openqa.selenium.NoSuchElementException: no such element: Unable to locate element: {"method":"css selector","selector":".activity-icon-container done"}
  (Session info: chrome=79.0.3945.88)
For documentation on this error, please visit: https://www.seleniumhq.org/exceptions/no_such_element.html
Build info: version: '3.141.59', revision: 'e82be7d358', time: '2018-11-14T08:17:03'
System info: host: 'ASDP1757PO02529', ip: '10.161.238.137', os.name: 'Windows 10', os.arch: 'amd64', os.version: '10.0', java.version: '1.8.0_231'
Driver info: org.openqa.selenium.chrome.ChromeDriver
Capabilities {acceptInsecureCerts: false, browserName: chrome, browserVersion: 79.0.3945.88, chrome: {chromedriverVersion: 79.0.3945.36 (3582db32b3389..., userDataDir: C:\Users\ARCHIT~1\AppData\L...}, goog:chromeOptions: {debuggerAddress: localhost:50045}, javascriptEnabled: true, networkConnectionEnabled: false, pageLoadStrategy: normal, platform: WINDOWS, platformName: WINDOWS, proxy: Proxy(), setWindowRect: true, strictFileInteractability: false, timeouts: {implicit: 0, pageLoad: 300000, script: 30000}, unhandledPromptBehavior: dismiss and notify}
Session ID: 3e207201cf2e92e2683e845a69efd0fd
*** Element info: {Using=css selector, value=.activity-icon-container done}
at sun.reflect.NativeConstructorAccessorImpl.newInstance0(Native Method)
at sun.reflect.NativeConstructorAccessorImpl.newInstance(NativeConstructorAccessorImpl.java:62)
at sun.reflect.DelegatingConstructorAccessorImpl.newInstance(DelegatingConstructorAccessorImpl.java:45)
at java.lang.reflect.Constructor.newInstance(Constructor.java:423)
at org.openqa.selenium.remote.http.W3CHttpResponseCodec.createException(W3CHttpResponseCodec.java:187)
at org.openqa.selenium.remote.http.W3CHttpResponseCodec.decode(W3CHttpResponseCodec.java:122)
at org.openqa.selenium.remote.http.W3CHttpResponseCodec.decode(W3CHttpResponseCodec.java:49)
at org.openqa.selenium.remote.HttpCommandExecutor.execute(HttpCommandExecutor.java:158)
at org.openqa.selenium.remote.service.DriverCommandExecutor.execute(DriverCommandExecutor.java:83)
at org.openqa.selenium.remote.RemoteWebDriver.execute(RemoteWebDriver.java:552)
at org.openqa.selenium.remote.RemoteWebDriver.findElement(RemoteWebDriver.java:323)
at org.openqa.selenium.remote.RemoteWebDriver.findElementByCssSelector(RemoteWebDriver.java:420)
at org.openqa.selenium.By$ByCssSelector.findElement(By.java:431)
at org.openqa.selenium.remote.RemoteWebDriver.findElement(RemoteWebDriver.java:315)
at CLHM_PageObjects.studentActivityPage.activity_attempted(studentActivityPage.java:33)
at CLHM_TestCases.Test_Cases.attemptActivity(Test_Cases.java:136)
at sun.reflect.NativeMethodAccessorImpl.invoke0(Native Method)
at sun.reflect.NativeMethodAccessorImpl.invoke(NativeMethodAccessorImpl.java:62)
at sun.reflect.DelegatingMethodAccessorImpl.invoke(DelegatingMethodAccessorImpl.java:43)
at java.lang.reflect.Method.invoke(Method.java:498)
at org.testng.internal.MethodInvocationHelper.invokeMethod(MethodInvocationHelper.java:134)
at org.testng.internal.TestInvoker.invokeMethod(TestInvoker.java:597)
at org.testng.internal.TestInvoker.invokeTestMethod(TestInvoker.java:173)
at org.testng.internal.MethodRunner.runInSequence(MethodRunner.java:46)
at org.testng.internal.TestInvoker$MethodInvocationAgent.invoke(TestInvoker.java:816)
at org.testng.internal.TestInvoker.invokeTestMethods(TestInvoker.java:146)
at org.testng.internal.TestMethodWorker.invokeTestMethods(TestMethodWorker.java:146)
at org.testng.internal.TestMethodWorker.run(TestMethodWorker.java:128)
at java.util.ArrayList.forEach(ArrayList.java:1257)
at org.testng.TestRunner.privateRun(TestRunner.java:766)
at org.testng.TestRunner.run(TestRunner.java:587)
at org.testng.SuiteRunner.runTest(SuiteRunner.java:384)
at org.testng.SuiteRunner.runSequentially(SuiteRunner.java:378)
at org.testng.SuiteRunner.privateRun(SuiteRunner.java:337)
at org.testng.SuiteRunner.run(SuiteRunner.java:286)
at org.testng.SuiteRunnerWorker.runSuite(SuiteRunnerWorker.java:53)
at org.testng.SuiteRunnerWorker.run(SuiteRunnerWorker.java:96)
at org.testng.TestNG.runSuitesSequentially(TestNG.java:1187)
at org.testng.TestNG.runSuitesLocally(TestNG.java:1109)
at org.testng.TestNG.runSuites(TestNG.java:1039)
at org.testng.TestNG.run(TestNG.java:1007)
at org.testng.remote.AbstractRemoteTestNG.run(AbstractRemoteTestNG.java:115)
at org.testng.remote.RemoteTestNG.initAndRun(RemoteTestNG.java:251)
at org.testng.remote.RemoteTestNG.main(RemoteTestNG.java:77)
]]>
            </full-stacktrace>
          </exception> <!-- org.openqa.selenium.NoSuchElementException -->
          <reporter-output>
          </reporter-output>
        </test-method> <!-- attemptActivity -->
      </class> <!-- CLHM_TestCases.Test_Cases -->
    </test> <!-- Default test -->
  </suite> <!-- Default suite -->
</testng-results>
